  convolution.cpp
d:\opencv-3.1.0\build\install\include\opencv2\core\mat.hpp(1965): warning C4819: ファイルは、現在のコード ページ (932) で表示できない文字を含んでいます。データの損失を防ぐために、ファイルを Unicode 形式で保存してください。
d:\opencv-3.1.0\build\install\include\opencv2\core\persistence.hpp : warning C4819: ファイルは、現在のコード ページ (932) で表示できない文字を含んでいます。データの損失を防ぐために、ファイルを Unicode 形式で保存してください。
d:\opencv-3.1.0\build\install\include\opencv2\core\utility.hpp : warning C4819: ファイルは、現在のコード ページ (932) で表示できない文字を含んでいます。データの損失を防ぐために、ファイルを Unicode 形式で保存してください。
d:\opencv-3.1.0\build\install\include\opencv2\core\utility.hpp : warning C4819: ファイルは、現在のコード ページ (932) で表示できない文字を含んでいます。データの損失を防ぐために、ファイルを Unicode 形式で保存してください。
d:\desktop_program\8dire_convolution_vc2015\8convolution_17-0623\convolution.cpp(141): warning C4996: 'sprintf': This function or variable may be unsafe. Consider using sprintf_s instead. To disable deprecation, use _CRT_SECURE_NO_WARNINGS. See online help for details.
  c:\program files (x86)\windows kits\10\include\10.0.10240.0\ucrt\stdio.h(1769): note: 'sprintf' の宣言を確認してください
d:\desktop_program\8dire_convolution_vc2015\8convolution_17-0623\convolution.cpp(205): warning C4996: 'sprintf': This function or variable may be unsafe. Consider using sprintf_s instead. To disable deprecation, use _CRT_SECURE_NO_WARNINGS. See online help for details.
  c:\program files (x86)\windows kits\10\include\10.0.10240.0\ucrt\stdio.h(1769): note: 'sprintf' の宣言を確認してください
d:\desktop_program\8dire_convolution_vc2015\8convolution_17-0623\convolution.cpp(206): warning C4996: 'sprintf': This function or variable may be unsafe. Consider using sprintf_s instead. To disable deprecation, use _CRT_SECURE_NO_WARNINGS. See online help for details.
  c:\program files (x86)\windows kits\10\include\10.0.10240.0\ucrt\stdio.h(1769): note: 'sprintf' の宣言を確認してください
d:\desktop_program\8dire_convolution_vc2015\8convolution_17-0623\convolution.cpp(207): warning C4996: 'sprintf': This function or variable may be unsafe. Consider using sprintf_s instead. To disable deprecation, use _CRT_SECURE_NO_WARNINGS. See online help for details.
  c:\program files (x86)\windows kits\10\include\10.0.10240.0\ucrt\stdio.h(1769): note: 'sprintf' の宣言を確認してください
d:\desktop_program\8dire_convolution_vc2015\8convolution_17-0623\convolution.cpp(208): warning C4996: 'sprintf': This function or variable may be unsafe. Consider using sprintf_s instead. To disable deprecation, use _CRT_SECURE_NO_WARNINGS. See online help for details.
  c:\program files (x86)\windows kits\10\include\10.0.10240.0\ucrt\stdio.h(1769): note: 'sprintf' の宣言を確認してください
d:\desktop_program\8dire_convolution_vc2015\8convolution_17-0623\convolution.cpp(209): warning C4996: 'sprintf': This function or variable may be unsafe. Consider using sprintf_s instead. To disable deprecation, use _CRT_SECURE_NO_WARNINGS. See online help for details.
  c:\program files (x86)\windows kits\10\include\10.0.10240.0\ucrt\stdio.h(1769): note: 'sprintf' の宣言を確認してください
d:\desktop_program\8dire_convolution_vc2015\8convolution_17-0623\convolution.cpp(210): warning C4996: 'sprintf': This function or variable may be unsafe. Consider using sprintf_s instead. To disable deprecation, use _CRT_SECURE_NO_WARNINGS. See online help for details.
  c:\program files (x86)\windows kits\10\include\10.0.10240.0\ucrt\stdio.h(1769): note: 'sprintf' の宣言を確認してください
d:\desktop_program\8dire_convolution_vc2015\8convolution_17-0623\convolution.cpp(211): warning C4996: 'sprintf': This function or variable may be unsafe. Consider using sprintf_s instead. To disable deprecation, use _CRT_SECURE_NO_WARNINGS. See online help for details.
  c:\program files (x86)\windows kits\10\include\10.0.10240.0\ucrt\stdio.h(1769): note: 'sprintf' の宣言を確認してください
d:\desktop_program\8dire_convolution_vc2015\8convolution_17-0623\convolution.cpp(212): warning C4996: 'sprintf': This function or variable may be unsafe. Consider using sprintf_s instead. To disable deprecation, use _CRT_SECURE_NO_WARNINGS. See online help for details.
  c:\program files (x86)\windows kits\10\include\10.0.10240.0\ucrt\stdio.h(1769): note: 'sprintf' の宣言を確認してください
d:\desktop_program\8dire_convolution_vc2015\8convolution_17-0623\convolution.cpp(237): warning C4996: 'fopen': This function or variable may be unsafe. Consider using fopen_s instead. To disable deprecation, use _CRT_SECURE_NO_WARNINGS. See online help for details.
  c:\program files (x86)\windows kits\10\include\10.0.10240.0\ucrt\stdio.h(205): note: 'fopen' の宣言を確認してください
d:\desktop_program\8dire_convolution_vc2015\8convolution_17-0623\convolution.cpp(258): warning C4996: 'sprintf': This function or variable may be unsafe. Consider using sprintf_s instead. To disable deprecation, use _CRT_SECURE_NO_WARNINGS. See online help for details.
  c:\program files (x86)\windows kits\10\include\10.0.10240.0\ucrt\stdio.h(1769): note: 'sprintf' の宣言を確認してください
d:\desktop_program\8dire_convolution_vc2015\8convolution_17-0623\convolution.cpp(259): warning C4996: 'fopen': This function or variable may be unsafe. Consider using fopen_s instead. To disable deprecation, use _CRT_SECURE_NO_WARNINGS. See online help for details.
  c:\program files (x86)\windows kits\10\include\10.0.10240.0\ucrt\stdio.h(205): note: 'fopen' の宣言を確認してください
d:\desktop_program\8dire_convolution_vc2015\8convolution_17-0623\convolution.cpp(311): warning C4996: 'sprintf': This function or variable may be unsafe. Consider using sprintf_s instead. To disable deprecation, use _CRT_SECURE_NO_WARNINGS. See online help for details.
  c:\program files (x86)\windows kits\10\include\10.0.10240.0\ucrt\stdio.h(1769): note: 'sprintf' の宣言を確認してください
d:\desktop_program\8dire_convolution_vc2015\8convolution_17-0623\convolution.cpp(320): warning C4996: 'sprintf': This function or variable may be unsafe. Consider using sprintf_s instead. To disable deprecation, use _CRT_SECURE_NO_WARNINGS. See online help for details.
  c:\program files (x86)\windows kits\10\include\10.0.10240.0\ucrt\stdio.h(1769): note: 'sprintf' の宣言を確認してください
d:\desktop_program\8dire_convolution_vc2015\8convolution_17-0623\convolution.cpp(322): warning C4996: 'sprintf': This function or variable may be unsafe. Consider using sprintf_s instead. To disable deprecation, use _CRT_SECURE_NO_WARNINGS. See online help for details.
  c:\program files (x86)\windows kits\10\include\10.0.10240.0\ucrt\stdio.h(1769): note: 'sprintf' の宣言を確認してください
d:\desktop_program\8dire_convolution_vc2015\8convolution_17-0623\convolution.cpp(334): warning C4996: 'sprintf': This function or variable may be unsafe. Consider using sprintf_s instead. To disable deprecation, use _CRT_SECURE_NO_WARNINGS. See online help for details.
  c:\program files (x86)\windows kits\10\include\10.0.10240.0\ucrt\stdio.h(1769): note: 'sprintf' の宣言を確認してください
d:\desktop_program\8dire_convolution_vc2015\8convolution_17-0623\convolution.cpp(335): warning C4996: 'sprintf': This function or variable may be unsafe. Consider using sprintf_s instead. To disable deprecation, use _CRT_SECURE_NO_WARNINGS. See online help for details.
  c:\program files (x86)\windows kits\10\include\10.0.10240.0\ucrt\stdio.h(1769): note: 'sprintf' の宣言を確認してください
d:\desktop_program\8dire_convolution_vc2015\8convolution_17-0623\convolution.cpp(336): warning C4996: 'sprintf': This function or variable may be unsafe. Consider using sprintf_s instead. To disable deprecation, use _CRT_SECURE_NO_WARNINGS. See online help for details.
  c:\program files (x86)\windows kits\10\include\10.0.10240.0\ucrt\stdio.h(1769): note: 'sprintf' の宣言を確認してください
d:\desktop_program\8dire_convolution_vc2015\8convolution_17-0623\convolution.cpp(337): warning C4996: 'sprintf': This function or variable may be unsafe. Consider using sprintf_s instead. To disable deprecation, use _CRT_SECURE_NO_WARNINGS. See online help for details.
  c:\program files (x86)\windows kits\10\include\10.0.10240.0\ucrt\stdio.h(1769): note: 'sprintf' の宣言を確認してください
d:\desktop_program\8dire_convolution_vc2015\8convolution_17-0623\convolution.cpp(338): warning C4996: 'sprintf': This function or variable may be unsafe. Consider using sprintf_s instead. To disable deprecation, use _CRT_SECURE_NO_WARNINGS. See online help for details.
  c:\program files (x86)\windows kits\10\include\10.0.10240.0\ucrt\stdio.h(1769): note: 'sprintf' の宣言を確認してください
d:\desktop_program\8dire_convolution_vc2015\8convolution_17-0623\convolution.cpp(339): warning C4996: 'sprintf': This function or variable may be unsafe. Consider using sprintf_s instead. To disable deprecation, use _CRT_SECURE_NO_WARNINGS. See online help for details.
  c:\program files (x86)\windows kits\10\include\10.0.10240.0\ucrt\stdio.h(1769): note: 'sprintf' の宣言を確認してください
d:\desktop_program\8dire_convolution_vc2015\8convolution_17-0623\convolution.cpp(340): warning C4996: 'sprintf': This function or variable may be unsafe. Consider using sprintf_s instead. To disable deprecation, use _CRT_SECURE_NO_WARNINGS. See online help for details.
  c:\program files (x86)\windows kits\10\include\10.0.10240.0\ucrt\stdio.h(1769): note: 'sprintf' の宣言を確認してください
d:\desktop_program\8dire_convolution_vc2015\8convolution_17-0623\convolution.cpp(341): warning C4996: 'sprintf': This function or variable may be unsafe. Consider using sprintf_s instead. To disable deprecation, use _CRT_SECURE_NO_WARNINGS. See online help for details.
  c:\program files (x86)\windows kits\10\include\10.0.10240.0\ucrt\stdio.h(1769): note: 'sprintf' の宣言を確認してください
d:\desktop_program\8dire_convolution_vc2015\8convolution_17-0623\convolution.cpp(359): warning C4996: 'sprintf': This function or variable may be unsafe. Consider using sprintf_s instead. To disable deprecation, use _CRT_SECURE_NO_WARNINGS. See online help for details.
  c:\program files (x86)\windows kits\10\include\10.0.10240.0\ucrt\stdio.h(1769): note: 'sprintf' の宣言を確認してください
d:\desktop_program\8dire_convolution_vc2015\8convolution_17-0623\convolution.cpp(407): warning C4244: '初期化中': 'float' から 'int' への変換です。データが失われる可能性があります。
d:\desktop_program\8dire_convolution_vc2015\8convolution_17-0623\convolution.cpp(381): warning C4477: 'printf' : 書式文字列 '%s' には、型 'char *' の引数が必要ですが、可変個引数 1 は型 'std::ifstream' です
d:\desktop_program\8dire_convolution_vc2015\8convolution_17-0623\convolution.cpp(385): warning C4996: 'sprintf': This function or variable may be unsafe. Consider using sprintf_s instead. To disable deprecation, use _CRT_SECURE_NO_WARNINGS. See online help for details.
  c:\program files (x86)\windows kits\10\include\10.0.10240.0\ucrt\stdio.h(1769): note: 'sprintf' の宣言を確認してください
d:\desktop_program\8dire_convolution_vc2015\8convolution_17-0623\convolution.cpp(386): warning C4996: 'sprintf': This function or variable may be unsafe. Consider using sprintf_s instead. To disable deprecation, use _CRT_SECURE_NO_WARNINGS. See online help for details.
  c:\program files (x86)\windows kits\10\include\10.0.10240.0\ucrt\stdio.h(1769): note: 'sprintf' の宣言を確認してください
d:\desktop_program\8dire_convolution_vc2015\8convolution_17-0623\convolution.cpp(387): warning C4996: 'sprintf': This function or variable may be unsafe. Consider using sprintf_s instead. To disable deprecation, use _CRT_SECURE_NO_WARNINGS. See online help for details.
  c:\program files (x86)\windows kits\10\include\10.0.10240.0\ucrt\stdio.h(1769): note: 'sprintf' の宣言を確認してください
d:\desktop_program\8dire_convolution_vc2015\8convolution_17-0623\convolution.cpp(388): warning C4996: 'sprintf': This function or variable may be unsafe. Consider using sprintf_s instead. To disable deprecation, use _CRT_SECURE_NO_WARNINGS. See online help for details.
  c:\program files (x86)\windows kits\10\include\10.0.10240.0\ucrt\stdio.h(1769): note: 'sprintf' の宣言を確認してください
d:\desktop_program\8dire_convolution_vc2015\8convolution_17-0623\convolution.cpp(389): warning C4996: 'sprintf': This function or variable may be unsafe. Consider using sprintf_s instead. To disable deprecation, use _CRT_SECURE_NO_WARNINGS. See online help for details.
  c:\program files (x86)\windows kits\10\include\10.0.10240.0\ucrt\stdio.h(1769): note: 'sprintf' の宣言を確認してください
d:\desktop_program\8dire_convolution_vc2015\8convolution_17-0623\convolution.cpp(390): warning C4996: 'sprintf': This function or variable may be unsafe. Consider using sprintf_s instead. To disable deprecation, use _CRT_SECURE_NO_WARNINGS. See online help for details.
  c:\program files (x86)\windows kits\10\include\10.0.10240.0\ucrt\stdio.h(1769): note: 'sprintf' の宣言を確認してください
d:\desktop_program\8dire_convolution_vc2015\8convolution_17-0623\convolution.cpp(391): warning C4996: 'sprintf': This function or variable may be unsafe. Consider using sprintf_s instead. To disable deprecation, use _CRT_SECURE_NO_WARNINGS. See online help for details.
  c:\program files (x86)\windows kits\10\include\10.0.10240.0\ucrt\stdio.h(1769): note: 'sprintf' の宣言を確認してください
d:\desktop_program\8dire_convolution_vc2015\8convolution_17-0623\convolution.cpp(392): warning C4996: 'sprintf': This function or variable may be unsafe. Consider using sprintf_s instead. To disable deprecation, use _CRT_SECURE_NO_WARNINGS. See online help for details.
  c:\program files (x86)\windows kits\10\include\10.0.10240.0\ucrt\stdio.h(1769): note: 'sprintf' の宣言を確認してください
d:\desktop_program\8dire_convolution_vc2015\8convolution_17-0623\convolution.cpp(393): warning C4996: 'sprintf': This function or variable may be unsafe. Consider using sprintf_s instead. To disable deprecation, use _CRT_SECURE_NO_WARNINGS. See online help for details.
  c:\program files (x86)\windows kits\10\include\10.0.10240.0\ucrt\stdio.h(1769): note: 'sprintf' の宣言を確認してください
d:\desktop_program\8dire_convolution_vc2015\8convolution_17-0623\convolution.cpp(394): warning C4996: 'sprintf': This function or variable may be unsafe. Consider using sprintf_s instead. To disable deprecation, use _CRT_SECURE_NO_WARNINGS. See online help for details.
  c:\program files (x86)\windows kits\10\include\10.0.10240.0\ucrt\stdio.h(1769): note: 'sprintf' の宣言を確認してください
d:\desktop_program\8dire_convolution_vc2015\8convolution_17-0623\convolution.cpp(395): warning C4996: 'sprintf': This function or variable may be unsafe. Consider using sprintf_s instead. To disable deprecation, use _CRT_SECURE_NO_WARNINGS. See online help for details.
  c:\program files (x86)\windows kits\10\include\10.0.10240.0\ucrt\stdio.h(1769): note: 'sprintf' の宣言を確認してください
d:\desktop_program\8dire_convolution_vc2015\8convolution_17-0623\convolution.cpp(427): warning C4996: 'fopen': This function or variable may be unsafe. Consider using fopen_s instead. To disable deprecation, use _CRT_SECURE_NO_WARNINGS. See online help for details.
  c:\program files (x86)\windows kits\10\include\10.0.10240.0\ucrt\stdio.h(205): note: 'fopen' の宣言を確認してください
d:\desktop_program\8dire_convolution_vc2015\8convolution_17-0623\convolution.cpp(434): warning C4996: 'fscanf': This function or variable may be unsafe. Consider using fscanf_s instead. To disable deprecation, use _CRT_SECURE_NO_WARNINGS. See online help for details.
  c:\program files (x86)\windows kits\10\include\10.0.10240.0\ucrt\stdio.h(1193): note: 'fscanf' の宣言を確認してください
d:\desktop_program\8dire_convolution_vc2015\8convolution_17-0623\convolution.cpp(444): warning C4996: 'fopen': This function or variable may be unsafe. Consider using fopen_s instead. To disable deprecation, use _CRT_SECURE_NO_WARNINGS. See online help for details.
  c:\program files (x86)\windows kits\10\include\10.0.10240.0\ucrt\stdio.h(205): note: 'fopen' の宣言を確認してください
d:\desktop_program\8dire_convolution_vc2015\8convolution_17-0623\convolution.cpp(582): warning C4244: 'return': 'double' から 'int' への変換です。データが失われる可能性があります。
d:\desktop_program\8dire_convolution_vc2015\8convolution_17-0623\convolution.cpp(596): warning C4996: 'sprintf': This function or variable may be unsafe. Consider using sprintf_s instead. To disable deprecation, use _CRT_SECURE_NO_WARNINGS. See online help for details.
  c:\program files (x86)\windows kits\10\include\10.0.10240.0\ucrt\stdio.h(1769): note: 'sprintf' の宣言を確認してください
d:\desktop_program\8dire_convolution_vc2015\8convolution_17-0623\convolution.cpp(598): warning C4996: 'fopen': This function or variable may be unsafe. Consider using fopen_s instead. To disable deprecation, use _CRT_SECURE_NO_WARNINGS. See online help for details.
  c:\program files (x86)\windows kits\10\include\10.0.10240.0\ucrt\stdio.h(205): note: 'fopen' の宣言を確認してください
d:\desktop_program\8dire_convolution_vc2015\8convolution_17-0623\convolution.cpp(605): warning C4996: 'fscanf': This function or variable may be unsafe. Consider using fscanf_s instead. To disable deprecation, use _CRT_SECURE_NO_WARNINGS. See online help for details.
  c:\program files (x86)\windows kits\10\include\10.0.10240.0\ucrt\stdio.h(1193): note: 'fscanf' の宣言を確認してください
d:\desktop_program\8dire_convolution_vc2015\8convolution_17-0623\convolution.cpp(293): warning C4715: 'convolution': 値を返さないコントロール パスがあります。
  8convolution_17-0623.vcxproj -> D:\desktop_program\8dire_convolution_vc2015\x64\Debug\8convolution_17-0623.exe
  8convolution_17-0623.vcxproj -> D:\desktop_program\8dire_convolution_vc2015\x64\Debug\8convolution_17-0623.pdb (Full PDB)
