d:\desktop_program\8dire_convolution_vc2015\8convolution_17-0623\x64\release\vc140.pdb
d:\desktop_program\8dire_convolution_vc2015\8convolution_17-0623\x64\release\time.obj
d:\desktop_program\8dire_convolution_vc2015\8convolution_17-0623\x64\release\nrutil.obj
d:\desktop_program\8dire_convolution_vc2015\8convolution_17-0623\x64\release\make_image.obj
d:\desktop_program\8dire_convolution_vc2015\8convolution_17-0623\x64\release\main.obj
d:\desktop_program\8dire_convolution_vc2015\8convolution_17-0623\x64\release\cos-sim_result_rows.obj
d:\desktop_program\8dire_convolution_vc2015\8convolution_17-0623\x64\release\cos-sim.obj
d:\desktop_program\8dire_convolution_vc2015\8convolution_17-0623\x64\release\convolution.obj
d:\desktop_program\8dire_convolution_vc2015\8convolution_17-0623\x64\release\bazen_atan.obj
d:\desktop_program\8dire_convolution_vc2015\8convolution_17-0623\x64\release\arctan.obj
d:\desktop_program\8dire_convolution_vc2015\x64\release\8convolution_17-0623.exe
d:\desktop_program\8dire_convolution_vc2015\x64\release\8convolution_17-0623.ipdb
d:\desktop_program\8dire_convolution_vc2015\x64\release\8convolution_17-0623.iobj
d:\desktop_program\8dire_convolution_vc2015\x64\release\8convolution_17-0623.pdb
d:\desktop_program\8dire_convolution_vc2015\8convolution_17-0623\x64\release\8convolu.2ea90a1c.tlog\cl.command.1.tlog
d:\desktop_program\8dire_convolution_vc2015\8convolution_17-0623\x64\release\8convolu.2ea90a1c.tlog\cl.read.1.tlog
d:\desktop_program\8dire_convolution_vc2015\8convolution_17-0623\x64\release\8convolu.2ea90a1c.tlog\cl.write.1.tlog
d:\desktop_program\8dire_convolution_vc2015\8convolution_17-0623\x64\release\8convolu.2ea90a1c.tlog\link.command.1.tlog
d:\desktop_program\8dire_convolution_vc2015\8convolution_17-0623\x64\release\8convolu.2ea90a1c.tlog\link.read.1.tlog
d:\desktop_program\8dire_convolution_vc2015\8convolution_17-0623\x64\release\8convolu.2ea90a1c.tlog\link.write.1.tlog
